<?xml version="1.0" encoding="UTF-8"?>
<testsuites>
  <testsuite name="webdriver io page" timestamp="2021-06-27T01:41:24" time="4.499" tests="1" failures="0" errors="0" skipped="0">
    <properties>
      <property name="specId" value="0"/>
      <property name="suiteName" value="webdriver.io page"/>
      <property name="capabilities" value="chrome.91_0_4472_114.windows"/>
      <property name="file" value=".\test\specs\WdioTestSpec.js"/>
    </properties>
    <testcase classname="chrome.91_0_4472_114.windows.webdriver io page" name="should have the right title the fancy generator way5" time="4.498">
      <system-out><![CDATA[
COMMAND: POST /session/91978756d368addbf1f1d0a7fc8c279b/url - {"url":"http://webdriver.io/"}
RESULT: {"url":"http://webdriver.io/"}
COMMAND: GET /session/91978756d368addbf1f1d0a7fc8c279b/title - {}
RESULT: {}
COMMAND: DELETE /session/91978756d368addbf1f1d0a7fc8c279b - {}
RESULT: {}
]]></system-out>
    </testcase>
  </testsuite>
</testsuites>